Using pre-set license
Built from '2021.1/release' branch; Version is '2021.1.0f1 (61a549675243) revision 6399305'; Using compiler version '192528614'; Build Type 'Release'
OS: 'Windows 10 Pro; OS build 19042.1288; Version 2009; 64bit' Language: 'en' Physical Memory: 16217 MB
BatchMode: 1, IsHumanControllingUs: 0, StartBugReporterOnCrash: 0, Is64bit: 1, IsPro: 0

 COMMAND LINE ARGUMENTS:
C:\Program Files\Unity\Hub\Editor\2021.1.0f1\Editor\Unity.exe
-adb2
-batchMode
-noUpm
-name
AssetImportWorker0
-projectPath
F:/Dev/GIT/Escape/EscapeFromQMUL
-logFile
Logs/AssetImportWorker0.log
-srvPort
51428
Successfully changed project path to: F:/Dev/GIT/Escape/EscapeFromQMUL
F:/Dev/GIT/Escape/EscapeFromQMUL
Using Asset Import Pipeline V2.
Refreshing native plugins compatible for Editor in 99.82 ms, found 1 plugins.
Preloading 0 native plugins for Editor in 0.00 ms.
Initialize engine version: 2021.1.0f1 (61a549675243)
[Subsystems] Discovering subsystems at path C:/Program Files/Unity/Hub/Editor/2021.1.0f1/Editor/Data/Resources/UnitySubsystems
[Subsystems] Discovering subsystems at path F:/Dev/GIT/Escape/EscapeFromQMUL/Assets
GfxDevice: creating device client; threaded=0; jobified=0
Direct3D:
    Version:  Direct3D 11.0 [level 11.1]
    Renderer: Radeon RX 580 Series (ID=0x67df)
    Vendor:   ATI
    VRAM:     8171 MB
    Driver:   30.0.13031.5001
Initialize mono
Mono path[0] = 'C:/Program Files/Unity/Hub/Editor/2021.1.0f1/Editor/Data/Managed'
Mono path[1] = 'C:/Program Files/Unity/Hub/Editor/2021.1.0f1/Editor/Data/MonoBleedingEdge/lib/mono/unityjit'
Mono config path = 'C:/Program Files/Unity/Hub/Editor/2021.1.0f1/Editor/Data/MonoBleedingEdge/etc'
Using monoOptions --debugger-agent=transport=dt_socket,embedding=1,server=y,suspend=n,address=127.0.0.1:56872
Begin MonoManager ReloadAssembly
Registering precompiled unity dll's ...
Register platform support module: C:/Program Files/Unity/Hub/Editor/2021.1.0f1/Editor/Data/PlaybackEngines/WebGLSupport/UnityEditor.WebGL.Extensions.dll
Register platform support module: C:/Program Files/Unity/Hub/Editor/2021.1.0f1/Editor/Data/PlaybackEngines/WindowsStandaloneSupport/UnityEditor.WindowsStandalone.Extensions.dll
Registered in 0.004463 seconds.
Native extension for WindowsStandalone target not found
Native extension for WebGL target not found
Refreshing native plugins compatible for Editor in 113.10 ms, found 1 plugins.
Preloading 0 native plugins for Editor in 0.00 ms.
Mono: successfully reloaded assembly
- Completed reload, in  2.327 seconds
Platform modules already initialized, skipping
Registering precompiled user dll's ...
Registered in 0.005021 seconds.
Begin MonoManager ReloadAssembly
Native extension for WindowsStandalone target not found
Native extension for WebGL target not found
Refreshing native plugins compatible for Editor in 0.85 ms, found 1 plugins.
Preloading 0 native plugins for Editor in 0.00 ms.
Mono: successfully reloaded assembly
- Completed reload, in  1.409 seconds
Platform modules already initialized, skipping
========================================================================
Worker process is ready to serve import requests
Launched and connected shader compiler UnityShaderCompiler.exe after 0.07 seconds
Refreshing native plugins compatible for Editor in 1.01 ms, found 1 plugins.
Preloading 0 native plugins for Editor in 0.00 ms.
Unloading 2688 Unused Serialized files (Serialized files now loaded: 0)
System memory in use before: 100.1 MB.
System memory in use after: 99.7 MB.

Unloading 27 unused Assets to reduce memory usage. Loaded Objects now: 3127.
Total: 3.072700 ms (FindLiveObjects: 0.589400 ms CreateObjectMapping: 0.160800 ms MarkObjects: 2.012400 ms  DeleteObjects: 0.308700 ms)

========================================================================
Received Import Request.
  path: Assets/Scripts/AI.cs
  artifactKey: Guid(2de90a39cc039f64aac5bf68fd9c2cd0) Importer(815301076,1909f56bfc062723c751e8b465ee728b)
Start importing Assets/Scripts/AI.cs using Guid(2de90a39cc039f64aac5bf68fd9c2cd0) Importer(815301076,1909f56bfc062723c751e8b465ee728b)  -> (artifact id: '1473172f70b98ec45c430c7b3c77e76b') in 0.053074 seconds 
========================================================================
Received Prepare
Refreshing native plugins compatible for Editor in 2.93 ms, found 1 plugins.
Preloading 0 native plugins for Editor in 0.00 ms.
Unloading 20 Unused Serialized files (Serialized files now loaded: 0)
System memory in use before: 47.1 MB.
System memory in use after: 46.7 MB.

Unloading 20 unused Assets to reduce memory usage. Loaded Objects now: 3127.
Total: 3.595900 ms (FindLiveObjects: 0.509600 ms CreateObjectMapping: 0.269700 ms MarkObjects: 2.546600 ms  DeleteObjects: 0.268400 ms)

========================================================================
Received Import Request.
  Time since last request: 250.067623 seconds.
  path: Assets/Scripts/AI.cs
  artifactKey: Guid(2de90a39cc039f64aac5bf68fd9c2cd0) Importer(815301076,1909f56bfc062723c751e8b465ee728b)
Start importing Assets/Scripts/AI.cs using Guid(2de90a39cc039f64aac5bf68fd9c2cd0) Importer(815301076,1909f56bfc062723c751e8b465ee728b)  -> (artifact id: '4213f16e8cbfe701b517b1e0ccc1e53d') in 0.004294 seconds 
========================================================================
Received Prepare
Registering precompiled user dll's ...
Registered in 0.004765 seconds.
Begin MonoManager ReloadAssembly
Native extension for WindowsStandalone target not found
Native extension for WebGL target not found
Refreshing native plugins compatible for Editor in 0.65 ms, found 1 plugins.
Preloading 0 native plugins for Editor in 0.00 ms.
Mono: successfully reloaded assembly
- Completed reload, in  1.306 seconds
Platform modules already initialized, skipping
Refreshing native plugins compatible for Editor in 0.61 ms, found 1 plugins.
Preloading 0 native plugins for Editor in 0.00 ms.
Unloading 2682 Unused Serialized files (Serialized files now loaded: 0)
System memory in use before: 100.0 MB.
System memory in use after: 99.7 MB.

Unloading 22 unused Assets to reduce memory usage. Loaded Objects now: 3130.
Total: 4.513000 ms (FindLiveObjects: 0.692300 ms CreateObjectMapping: 0.433700 ms MarkObjects: 3.092700 ms  DeleteObjects: 0.292500 ms)

========================================================================
Received Prepare
Registering precompiled user dll's ...
Registered in 0.004912 seconds.
Begin MonoManager ReloadAssembly
Native extension for WindowsStandalone target not found
Native extension for WebGL target not found
Refreshing native plugins compatible for Editor in 0.56 ms, found 1 plugins.
Preloading 0 native plugins for Editor in 0.00 ms.
Mono: successfully reloaded assembly
- Completed reload, in  1.243 seconds
Platform modules already initialized, skipping
Refreshing native plugins compatible for Editor in 0.58 ms, found 1 plugins.
Preloading 0 native plugins for Editor in 0.00 ms.
Unloading 2682 Unused Serialized files (Serialized files now loaded: 0)
System memory in use before: 100.1 MB.
System memory in use after: 99.7 MB.

Unloading 22 unused Assets to reduce memory usage. Loaded Objects now: 3133.
Total: 5.366000 ms (FindLiveObjects: 0.514400 ms CreateObjectMapping: 0.646000 ms MarkObjects: 3.476200 ms  DeleteObjects: 0.727300 ms)

========================================================================
Received Prepare
Registering precompiled user dll's ...
Registered in 0.006130 seconds.
Begin MonoManager ReloadAssembly
Native extension for WindowsStandalone target not found
Native extension for WebGL target not found
Refreshing native plugins compatible for Editor in 0.61 ms, found 1 plugins.
Preloading 0 native plugins for Editor in 0.00 ms.
Mono: successfully reloaded assembly
- Completed reload, in  1.204 seconds
Platform modules already initialized, skipping
Refreshing native plugins compatible for Editor in 0.66 ms, found 1 plugins.
Preloading 0 native plugins for Editor in 0.00 ms.
Unloading 2682 Unused Serialized files (Serialized files now loaded: 0)
System memory in use before: 100.1 MB.
System memory in use after: 99.7 MB.

Unloading 22 unused Assets to reduce memory usage. Loaded Objects now: 3136.
Total: 3.000700 ms (FindLiveObjects: 0.381300 ms CreateObjectMapping: 0.264100 ms MarkObjects: 2.065500 ms  DeleteObjects: 0.287600 ms)

========================================================================
Received Prepare
Registering precompiled user dll's ...
Registered in 0.005108 seconds.
Begin MonoManager ReloadAssembly
Native extension for WindowsStandalone target not found
Native extension for WebGL target not found
Refreshing native plugins compatible for Editor in 0.53 ms, found 1 plugins.
Preloading 0 native plugins for Editor in 0.00 ms.
Mono: successfully reloaded assembly
- Completed reload, in  1.138 seconds
Platform modules already initialized, skipping
Refreshing native plugins compatible for Editor in 0.74 ms, found 1 plugins.
Preloading 0 native plugins for Editor in 0.00 ms.
Unloading 2682 Unused Serialized files (Serialized files now loaded: 0)
System memory in use before: 100.1 MB.
System memory in use after: 99.8 MB.

Unloading 22 unused Assets to reduce memory usage. Loaded Objects now: 3139.
Total: 4.088100 ms (FindLiveObjects: 0.410500 ms CreateObjectMapping: 0.280000 ms MarkObjects: 2.967900 ms  DeleteObjects: 0.424900 ms)

========================================================================
Received Prepare
Registering precompiled user dll's ...
Registered in 0.005176 seconds.
Begin MonoManager ReloadAssembly
Native extension for WindowsStandalone target not found
Native extension for WebGL target not found
Refreshing native plugins compatible for Editor in 0.92 ms, found 1 plugins.
Preloading 0 native plugins for Editor in 0.00 ms.
Mono: successfully reloaded assembly
- Completed reload, in  1.119 seconds
Platform modules already initialized, skipping
Refreshing native plugins compatible for Editor in 0.92 ms, found 1 plugins.
Preloading 0 native plugins for Editor in 0.00 ms.
Unloading 2682 Unused Serialized files (Serialized files now loaded: 0)
System memory in use before: 100.1 MB.
System memory in use after: 99.8 MB.

Unloading 22 unused Assets to reduce memory usage. Loaded Objects now: 3142.
Total: 4.898200 ms (FindLiveObjects: 0.318200 ms CreateObjectMapping: 0.327800 ms MarkObjects: 3.588200 ms  DeleteObjects: 0.662300 ms)

========================================================================
Received Prepare
Registering precompiled user dll's ...
Registered in 0.005146 seconds.
Begin MonoManager ReloadAssembly
Native extension for WindowsStandalone target not found
Native extension for WebGL target not found
Refreshing native plugins compatible for Editor in 0.69 ms, found 1 plugins.
Preloading 0 native plugins for Editor in 0.00 ms.
Mono: successfully reloaded assembly
- Completed reload, in  1.179 seconds
Platform modules already initialized, skipping
Refreshing native plugins compatible for Editor in 0.65 ms, found 1 plugins.
Preloading 0 native plugins for Editor in 0.00 ms.
Unloading 2682 Unused Serialized files (Serialized files now loaded: 0)
System memory in use before: 100.1 MB.
System memory in use after: 99.8 MB.

Unloading 22 unused Assets to reduce memory usage. Loaded Objects now: 3145.
Total: 3.089200 ms (FindLiveObjects: 0.288400 ms CreateObjectMapping: 0.265200 ms MarkObjects: 2.238500 ms  DeleteObjects: 0.295800 ms)

========================================================================
Received Prepare
Registering precompiled user dll's ...
Registered in 0.004771 seconds.
Begin MonoManager ReloadAssembly
Native extension for WindowsStandalone target not found
Native extension for WebGL target not found
Refreshing native plugins compatible for Editor in 0.70 ms, found 1 plugins.
Preloading 0 native plugins for Editor in 0.00 ms.
Mono: successfully reloaded assembly
- Completed reload, in  1.196 seconds
Platform modules already initialized, skipping
Refreshing native plugins compatible for Editor in 0.69 ms, found 1 plugins.
Preloading 0 native plugins for Editor in 0.00 ms.
Unloading 2682 Unused Serialized files (Serialized files now loaded: 0)
System memory in use before: 100.1 MB.
System memory in use after: 99.8 MB.

Unloading 22 unused Assets to reduce memory usage. Loaded Objects now: 3148.
Total: 2.631100 ms (FindLiveObjects: 0.270500 ms CreateObjectMapping: 0.143500 ms MarkObjects: 1.911600 ms  DeleteObjects: 0.303600 ms)

========================================================================
Received Prepare
Registering precompiled user dll's ...
Registered in 0.005734 seconds.
Begin MonoManager ReloadAssembly
Native extension for WindowsStandalone target not found
Native extension for WebGL target not found
Refreshing native plugins compatible for Editor in 0.60 ms, found 1 plugins.
Preloading 0 native plugins for Editor in 0.00 ms.
Mono: successfully reloaded assembly
- Completed reload, in  1.223 seconds
Platform modules already initialized, skipping
Refreshing native plugins compatible for Editor in 0.60 ms, found 1 plugins.
Preloading 0 native plugins for Editor in 0.00 ms.
Unloading 2682 Unused Serialized files (Serialized files now loaded: 0)
System memory in use before: 100.2 MB.
System memory in use after: 99.8 MB.

Unloading 22 unused Assets to reduce memory usage. Loaded Objects now: 3151.
Total: 3.197000 ms (FindLiveObjects: 0.486200 ms CreateObjectMapping: 0.278400 ms MarkObjects: 2.138100 ms  DeleteObjects: 0.290900 ms)

========================================================================
Received Prepare
Registering precompiled user dll's ...
Registered in 0.005833 seconds.
Begin MonoManager ReloadAssembly
Native extension for WindowsStandalone target not found
Native extension for WebGL target not found
Refreshing native plugins compatible for Editor in 0.57 ms, found 1 plugins.
Preloading 0 native plugins for Editor in 0.00 ms.
Mono: successfully reloaded assembly
- Completed reload, in  1.210 seconds
Platform modules already initialized, skipping
Refreshing native plugins compatible for Editor in 0.55 ms, found 1 plugins.
Preloading 0 native plugins for Editor in 0.00 ms.
Unloading 2682 Unused Serialized files (Serialized files now loaded: 0)
System memory in use before: 100.2 MB.
System memory in use after: 99.8 MB.

Unloading 22 unused Assets to reduce memory usage. Loaded Objects now: 3154.
Total: 2.495500 ms (FindLiveObjects: 0.310800 ms CreateObjectMapping: 0.123900 ms MarkObjects: 1.784500 ms  DeleteObjects: 0.275100 ms)

========================================================================
Received Prepare
Registering precompiled user dll's ...
Registered in 0.004990 seconds.
Begin MonoManager ReloadAssembly
Native extension for WindowsStandalone target not found
Native extension for WebGL target not found
Refreshing native plugins compatible for Editor in 0.59 ms, found 1 plugins.
Preloading 0 native plugins for Editor in 0.00 ms.
Mono: successfully reloaded assembly
- Completed reload, in  1.285 seconds
Platform modules already initialized, skipping
Refreshing native plugins compatible for Editor in 0.71 ms, found 1 plugins.
Preloading 0 native plugins for Editor in 0.00 ms.
Unloading 2682 Unused Serialized files (Serialized files now loaded: 0)
System memory in use before: 100.2 MB.
System memory in use after: 99.8 MB.

Unloading 22 unused Assets to reduce memory usage. Loaded Objects now: 3157.
Total: 3.041000 ms (FindLiveObjects: 0.343400 ms CreateObjectMapping: 0.236800 ms MarkObjects: 2.160200 ms  DeleteObjects: 0.299400 ms)

========================================================================
Received Prepare
Registering precompiled user dll's ...
Registered in 0.005803 seconds.
Begin MonoManager ReloadAssembly
Native extension for WindowsStandalone target not found
Native extension for WebGL target not found
Refreshing native plugins compatible for Editor in 0.55 ms, found 1 plugins.
Preloading 0 native plugins for Editor in 0.00 ms.
Mono: successfully reloaded assembly
- Completed reload, in  1.161 seconds
Platform modules already initialized, skipping
Refreshing native plugins compatible for Editor in 0.94 ms, found 1 plugins.
Preloading 0 native plugins for Editor in 0.00 ms.
Unloading 2682 Unused Serialized files (Serialized files now loaded: 0)
System memory in use before: 100.2 MB.
System memory in use after: 99.8 MB.

Unloading 22 unused Assets to reduce memory usage. Loaded Objects now: 3160.
Total: 3.203100 ms (FindLiveObjects: 0.423900 ms CreateObjectMapping: 0.318200 ms MarkObjects: 2.136300 ms  DeleteObjects: 0.322400 ms)

========================================================================
Received Prepare
Registering precompiled user dll's ...
Registered in 0.005241 seconds.
Begin MonoManager ReloadAssembly
Native extension for WindowsStandalone target not found
Native extension for WebGL target not found
Refreshing native plugins compatible for Editor in 0.55 ms, found 1 plugins.
Preloading 0 native plugins for Editor in 0.00 ms.
Mono: successfully reloaded assembly
- Completed reload, in  1.145 seconds
Platform modules already initialized, skipping
Refreshing native plugins compatible for Editor in 0.74 ms, found 1 plugins.
Preloading 0 native plugins for Editor in 0.00 ms.
Unloading 2682 Unused Serialized files (Serialized files now loaded: 0)
System memory in use before: 100.2 MB.
System memory in use after: 99.8 MB.

Unloading 22 unused Assets to reduce memory usage. Loaded Objects now: 3163.
Total: 2.366400 ms (FindLiveObjects: 0.230500 ms CreateObjectMapping: 0.118000 ms MarkObjects: 1.727500 ms  DeleteObjects: 0.288300 ms)

========================================================================
Received Prepare
Registering precompiled user dll's ...
Registered in 0.005729 seconds.
Begin MonoManager ReloadAssembly
Native extension for WindowsStandalone target not found
Native extension for WebGL target not found
Refreshing native plugins compatible for Editor in 0.70 ms, found 1 plugins.
Preloading 0 native plugins for Editor in 0.00 ms.
Mono: successfully reloaded assembly
- Completed reload, in  1.255 seconds
Platform modules already initialized, skipping
Refreshing native plugins compatible for Editor in 0.61 ms, found 1 plugins.
Preloading 0 native plugins for Editor in 0.00 ms.
Unloading 2682 Unused Serialized files (Serialized files now loaded: 0)
System memory in use before: 100.2 MB.
System memory in use after: 99.8 MB.

Unloading 22 unused Assets to reduce memory usage. Loaded Objects now: 3166.
Total: 3.324300 ms (FindLiveObjects: 0.289500 ms CreateObjectMapping: 0.116000 ms MarkObjects: 2.580700 ms  DeleteObjects: 0.336500 ms)

========================================================================
Received Prepare
Registering precompiled user dll's ...
Registered in 0.005257 seconds.
Begin MonoManager ReloadAssembly
Native extension for WindowsStandalone target not found
Native extension for WebGL target not found
Refreshing native plugins compatible for Editor in 0.62 ms, found 1 plugins.
Preloading 0 native plugins for Editor in 0.00 ms.
Mono: successfully reloaded assembly
- Completed reload, in  1.184 seconds
Platform modules already initialized, skipping
Refreshing native plugins compatible for Editor in 0.51 ms, found 1 plugins.
Preloading 0 native plugins for Editor in 0.00 ms.
Unloading 2682 Unused Serialized files (Serialized files now loaded: 0)
System memory in use before: 100.2 MB.
System memory in use after: 99.8 MB.

Unloading 22 unused Assets to reduce memory usage. Loaded Objects now: 3169.
Total: 2.642900 ms (FindLiveObjects: 0.219900 ms CreateObjectMapping: 0.116500 ms MarkObjects: 1.930100 ms  DeleteObjects: 0.374900 ms)

========================================================================
Received Prepare
Registering precompiled user dll's ...
Registered in 0.005368 seconds.
Begin MonoManager ReloadAssembly
Native extension for WindowsStandalone target not found
Native extension for WebGL target not found
Refreshing native plugins compatible for Editor in 0.60 ms, found 1 plugins.
Preloading 0 native plugins for Editor in 0.00 ms.
Mono: successfully reloaded assembly
- Completed reload, in  1.255 seconds
Platform modules already initialized, skipping
Refreshing native plugins compatible for Editor in 0.66 ms, found 1 plugins.
Preloading 0 native plugins for Editor in 0.00 ms.
Unloading 2682 Unused Serialized files (Serialized files now loaded: 0)
System memory in use before: 100.2 MB.
System memory in use after: 99.8 MB.

Unloading 22 unused Assets to reduce memory usage. Loaded Objects now: 3172.
Total: 2.412800 ms (FindLiveObjects: 0.264500 ms CreateObjectMapping: 0.112800 ms MarkObjects: 1.748100 ms  DeleteObjects: 0.286200 ms)

========================================================================
Received Prepare
Registering precompiled user dll's ...
Registered in 0.005123 seconds.
Begin MonoManager ReloadAssembly
Native extension for WindowsStandalone target not found
Native extension for WebGL target not found
Refreshing native plugins compatible for Editor in 0.64 ms, found 1 plugins.
Preloading 0 native plugins for Editor in 0.00 ms.
Mono: successfully reloaded assembly
- Completed reload, in  1.358 seconds
Platform modules already initialized, skipping
Refreshing native plugins compatible for Editor in 0.56 ms, found 1 plugins.
Preloading 0 native plugins for Editor in 0.00 ms.
Unloading 2682 Unused Serialized files (Serialized files now loaded: 0)
System memory in use before: 100.2 MB.
System memory in use after: 99.8 MB.

Unloading 22 unused Assets to reduce memory usage. Loaded Objects now: 3175.
Total: 3.268300 ms (FindLiveObjects: 0.308400 ms CreateObjectMapping: 0.247500 ms MarkObjects: 2.424400 ms  DeleteObjects: 0.286000 ms)

========================================================================
Received Prepare
Registering precompiled user dll's ...
Registered in 0.004790 seconds.
Begin MonoManager ReloadAssembly
Native extension for WindowsStandalone target not found
Native extension for WebGL target not found
Refreshing native plugins compatible for Editor in 0.76 ms, found 1 plugins.
Preloading 0 native plugins for Editor in 0.00 ms.
Mono: successfully reloaded assembly
- Completed reload, in  2.388 seconds
Platform modules already initialized, skipping
Refreshing native plugins compatible for Editor in 0.59 ms, found 1 plugins.
Preloading 0 native plugins for Editor in 0.00 ms.
Unloading 2683 Unused Serialized files (Serialized files now loaded: 0)
System memory in use before: 100.2 MB.
System memory in use after: 99.8 MB.

Unloading 22 unused Assets to reduce memory usage. Loaded Objects now: 3179.
Total: 3.911100 ms (FindLiveObjects: 0.374500 ms CreateObjectMapping: 0.272500 ms MarkObjects: 2.947900 ms  DeleteObjects: 0.313800 ms)

========================================================================
Received Import Request.
  Time since last request: 7069.468628 seconds.
  path: Assets/Scripts/CameraCtrl.cs
  artifactKey: Guid(47e2bbcb49fca2145a4b5e8b4e4fe986) Importer(815301076,1909f56bfc062723c751e8b465ee728b)
Start importing Assets/Scripts/CameraCtrl.cs using Guid(47e2bbcb49fca2145a4b5e8b4e4fe986) Importer(815301076,1909f56bfc062723c751e8b465ee728b)  -> (artifact id: 'e4e5d492ad18a70ca93a46935ea6c246') in 0.016080 seconds 
========================================================================
Received Prepare
Registering precompiled user dll's ...
Registered in 0.004910 seconds.
Begin MonoManager ReloadAssembly
Native extension for WindowsStandalone target not found
Native extension for WebGL target not found
Refreshing native plugins compatible for Editor in 0.60 ms, found 1 plugins.
Preloading 0 native plugins for Editor in 0.00 ms.
Mono: successfully reloaded assembly
- Completed reload, in  1.288 seconds
Platform modules already initialized, skipping
Refreshing native plugins compatible for Editor in 0.77 ms, found 1 plugins.
Preloading 0 native plugins for Editor in 0.00 ms.
Unloading 2683 Unused Serialized files (Serialized files now loaded: 0)
System memory in use before: 100.2 MB.
System memory in use after: 99.8 MB.

Unloading 22 unused Assets to reduce memory usage. Loaded Objects now: 3182.
Total: 5.555500 ms (FindLiveObjects: 0.389300 ms CreateObjectMapping: 0.577900 ms MarkObjects: 4.290300 ms  DeleteObjects: 0.296000 ms)

========================================================================
Received Prepare
Registering precompiled user dll's ...
Registered in 0.005065 seconds.
Begin MonoManager ReloadAssembly
Native extension for WindowsStandalone target not found
Native extension for WebGL target not found
Refreshing native plugins compatible for Editor in 0.55 ms, found 1 plugins.
Preloading 0 native plugins for Editor in 0.00 ms.
Mono: successfully reloaded assembly
- Completed reload, in  1.125 seconds
Platform modules already initialized, skipping
Refreshing native plugins compatible for Editor in 0.82 ms, found 1 plugins.
Preloading 0 native plugins for Editor in 0.00 ms.
Unloading 2683 Unused Serialized files (Serialized files now loaded: 0)
System memory in use before: 100.2 MB.
System memory in use after: 99.9 MB.

Unloading 22 unused Assets to reduce memory usage. Loaded Objects now: 3185.
Total: 3.939800 ms (FindLiveObjects: 0.553600 ms CreateObjectMapping: 0.262800 ms MarkObjects: 2.838200 ms  DeleteObjects: 0.283800 ms)

========================================================================
Received Prepare
Registering precompiled user dll's ...
Registered in 0.004987 seconds.
Begin MonoManager ReloadAssembly
Native extension for WindowsStandalone target not found
Native extension for WebGL target not found
Refreshing native plugins compatible for Editor in 0.54 ms, found 1 plugins.
Preloading 0 native plugins for Editor in 0.00 ms.
Mono: successfully reloaded assembly
- Completed reload, in  1.118 seconds
Platform modules already initialized, skipping
Refreshing native plugins compatible for Editor in 0.52 ms, found 1 plugins.
Preloading 0 native plugins for Editor in 0.00 ms.
Unloading 2683 Unused Serialized files (Serialized files now loaded: 0)
System memory in use before: 100.2 MB.
System memory in use after: 99.9 MB.

Unloading 22 unused Assets to reduce memory usage. Loaded Objects now: 3188.
Total: 2.349300 ms (FindLiveObjects: 0.291600 ms CreateObjectMapping: 0.147600 ms MarkObjects: 1.599200 ms  DeleteObjects: 0.309200 ms)

========================================================================
Received Prepare
Registering precompiled user dll's ...
Registered in 0.004670 seconds.
Begin MonoManager ReloadAssembly
Native extension for WindowsStandalone target not found
Native extension for WebGL target not found
Refreshing native plugins compatible for Editor in 0.66 ms, found 1 plugins.
Preloading 0 native plugins for Editor in 0.00 ms.
Mono: successfully reloaded assembly
- Completed reload, in  1.232 seconds
Platform modules already initialized, skipping
Refreshing native plugins compatible for Editor in 0.65 ms, found 1 plugins.
Preloading 0 native plugins for Editor in 0.00 ms.
Unloading 2683 Unused Serialized files (Serialized files now loaded: 0)
System memory in use before: 100.2 MB.
System memory in use after: 99.9 MB.

Unloading 22 unused Assets to reduce memory usage. Loaded Objects now: 3191.
Total: 3.618400 ms (FindLiveObjects: 0.362900 ms CreateObjectMapping: 0.408400 ms MarkObjects: 2.440900 ms  DeleteObjects: 0.404300 ms)

========================================================================
Received Prepare
Registering precompiled user dll's ...
Registered in 0.005067 seconds.
Begin MonoManager ReloadAssembly
Native extension for WindowsStandalone target not found
Native extension for WebGL target not found
Refreshing native plugins compatible for Editor in 0.69 ms, found 1 plugins.
Preloading 0 native plugins for Editor in 0.00 ms.
Mono: successfully reloaded assembly
- Completed reload, in  1.216 seconds
Platform modules already initialized, skipping
Refreshing native plugins compatible for Editor in 0.55 ms, found 1 plugins.
Preloading 0 native plugins for Editor in 0.00 ms.
Unloading 2683 Unused Serialized files (Serialized files now loaded: 0)
System memory in use before: 100.2 MB.
System memory in use after: 99.9 MB.

Unloading 22 unused Assets to reduce memory usage. Loaded Objects now: 3194.
Total: 2.407400 ms (FindLiveObjects: 0.235900 ms CreateObjectMapping: 0.123600 ms MarkObjects: 1.776300 ms  DeleteObjects: 0.270600 ms)

========================================================================
Received Prepare
Registering precompiled user dll's ...
Registered in 0.004781 seconds.
Begin MonoManager ReloadAssembly
Native extension for WindowsStandalone target not found
Native extension for WebGL target not found
Refreshing native plugins compatible for Editor in 0.75 ms, found 1 plugins.
Preloading 0 native plugins for Editor in 0.00 ms.
Mono: successfully reloaded assembly
- Completed reload, in  1.340 seconds
Platform modules already initialized, skipping
Refreshing native plugins compatible for Editor in 1.05 ms, found 1 plugins.
Preloading 0 native plugins for Editor in 0.00 ms.
Unloading 2683 Unused Serialized files (Serialized files now loaded: 0)
System memory in use before: 100.2 MB.
System memory in use after: 99.9 MB.

Unloading 22 unused Assets to reduce memory usage. Loaded Objects now: 3197.
Total: 3.088800 ms (FindLiveObjects: 0.328000 ms CreateObjectMapping: 0.260600 ms MarkObjects: 2.212000 ms  DeleteObjects: 0.286400 ms)

========================================================================
Received Prepare
Registering precompiled user dll's ...
Registered in 0.004599 seconds.
Begin MonoManager ReloadAssembly
Native extension for WindowsStandalone target not found
Native extension for WebGL target not found
Refreshing native plugins compatible for Editor in 0.54 ms, found 1 plugins.
Preloading 0 native plugins for Editor in 0.00 ms.
Mono: successfully reloaded assembly
- Completed reload, in  1.141 seconds
Platform modules already initialized, skipping
Refreshing native plugins compatible for Editor in 0.52 ms, found 1 plugins.
Preloading 0 native plugins for Editor in 0.00 ms.
Unloading 2683 Unused Serialized files (Serialized files now loaded: 0)
System memory in use before: 100.3 MB.
System memory in use after: 99.9 MB.

Unloading 22 unused Assets to reduce memory usage. Loaded Objects now: 3200.
Total: 2.970100 ms (FindLiveObjects: 0.317700 ms CreateObjectMapping: 0.243900 ms MarkObjects: 2.033300 ms  DeleteObjects: 0.373900 ms)

========================================================================
Received Prepare
Registering precompiled user dll's ...
Registered in 0.005298 seconds.
Begin MonoManager ReloadAssembly
Native extension for WindowsStandalone target not found
Native extension for WebGL target not found
Refreshing native plugins compatible for Editor in 0.54 ms, found 1 plugins.
Preloading 0 native plugins for Editor in 0.00 ms.
Mono: successfully reloaded assembly
- Completed reload, in  1.180 seconds
Platform modules already initialized, skipping
Refreshing native plugins compatible for Editor in 0.55 ms, found 1 plugins.
Preloading 0 native plugins for Editor in 0.00 ms.
Unloading 2683 Unused Serialized files (Serialized files now loaded: 0)
System memory in use before: 100.3 MB.
System memory in use after: 99.9 MB.

Unloading 22 unused Assets to reduce memory usage. Loaded Objects now: 3203.
Total: 3.177300 ms (FindLiveObjects: 0.337000 ms CreateObjectMapping: 0.325500 ms MarkObjects: 2.155500 ms  DeleteObjects: 0.357100 ms)

========================================================================
Received Prepare
Registering precompiled user dll's ...
Registered in 0.005731 seconds.
Begin MonoManager ReloadAssembly
Native extension for WindowsStandalone target not found
Native extension for WebGL target not found
Refreshing native plugins compatible for Editor in 0.54 ms, found 1 plugins.
Preloading 0 native plugins for Editor in 0.00 ms.
Mono: successfully reloaded assembly
- Completed reload, in  1.198 seconds
Platform modules already initialized, skipping
Refreshing native plugins compatible for Editor in 0.66 ms, found 1 plugins.
Preloading 0 native plugins for Editor in 0.00 ms.
Unloading 2683 Unused Serialized files (Serialized files now loaded: 0)
System memory in use before: 100.3 MB.
System memory in use after: 99.9 MB.

Unloading 22 unused Assets to reduce memory usage. Loaded Objects now: 3206.
Total: 2.535300 ms (FindLiveObjects: 0.248100 ms CreateObjectMapping: 0.123000 ms MarkObjects: 1.864400 ms  DeleteObjects: 0.298700 ms)

========================================================================
Received Prepare
Registering precompiled user dll's ...
Registered in 0.004715 seconds.
Begin MonoManager ReloadAssembly
Native extension for WindowsStandalone target not found
Native extension for WebGL target not found
Refreshing native plugins compatible for Editor in 0.59 ms, found 1 plugins.
Preloading 0 native plugins for Editor in 0.00 ms.
Mono: successfully reloaded assembly
- Completed reload, in  1.893 seconds
Platform modules already initialized, skipping
Refreshing native plugins compatible for Editor in 0.58 ms, found 1 plugins.
Preloading 0 native plugins for Editor in 0.00 ms.
Unloading 2684 Unused Serialized files (Serialized files now loaded: 0)
System memory in use before: 100.3 MB.
System memory in use after: 99.9 MB.

Unloading 22 unused Assets to reduce memory usage. Loaded Objects now: 3210.
Total: 2.495900 ms (FindLiveObjects: 0.255700 ms CreateObjectMapping: 0.211400 ms MarkObjects: 1.720800 ms  DeleteObjects: 0.306300 ms)

========================================================================
Received Import Request.
  Time since last request: 1122.312974 seconds.
  path: Assets/Scripts/GM.cs
  artifactKey: Guid(99fe4290514cc9e42994f4b1c2eeaca6) Importer(815301076,1909f56bfc062723c751e8b465ee728b)
Start importing Assets/Scripts/GM.cs using Guid(99fe4290514cc9e42994f4b1c2eeaca6) Importer(815301076,1909f56bfc062723c751e8b465ee728b)  -> (artifact id: '629ade081fbe2ed7af0c30b613209aa6') in 0.111820 seconds 
========================================================================
Received Prepare
Registering precompiled user dll's ...
Registered in 0.004655 seconds.
Begin MonoManager ReloadAssembly
Native extension for WindowsStandalone target not found
Native extension for WebGL target not found
Refreshing native plugins compatible for Editor in 0.56 ms, found 1 plugins.
Preloading 0 native plugins for Editor in 0.00 ms.
Mono: successfully reloaded assembly
- Completed reload, in  1.239 seconds
Platform modules already initialized, skipping
Refreshing native plugins compatible for Editor in 0.57 ms, found 1 plugins.
Preloading 0 native plugins for Editor in 0.00 ms.
Unloading 2684 Unused Serialized files (Serialized files now loaded: 0)
System memory in use before: 100.3 MB.
System memory in use after: 99.9 MB.

Unloading 22 unused Assets to reduce memory usage. Loaded Objects now: 3213.
Total: 2.371700 ms (FindLiveObjects: 0.233700 ms CreateObjectMapping: 0.120100 ms MarkObjects: 1.738900 ms  DeleteObjects: 0.277800 ms)

========================================================================
Received Prepare
Registering precompiled user dll's ...
Registered in 0.004602 seconds.
Begin MonoManager ReloadAssembly
Native extension for WindowsStandalone target not found
Native extension for WebGL target not found
Refreshing native plugins compatible for Editor in 0.54 ms, found 1 plugins.
Preloading 0 native plugins for Editor in 0.00 ms.
Mono: successfully reloaded assembly
- Completed reload, in  1.158 seconds
Platform modules already initialized, skipping
Refreshing native plugins compatible for Editor in 0.80 ms, found 1 plugins.
Preloading 0 native plugins for Editor in 0.00 ms.
Unloading 2683 Unused Serialized files (Serialized files now loaded: 0)
System memory in use before: 100.3 MB.
System memory in use after: 99.9 MB.

Unloading 23 unused Assets to reduce memory usage. Loaded Objects now: 3215.
Total: 4.199800 ms (FindLiveObjects: 0.350700 ms CreateObjectMapping: 0.415900 ms MarkObjects: 3.101900 ms  DeleteObjects: 0.329000 ms)

========================================================================
Received Import Request.
  Time since last request: 58.207803 seconds.
  path: Assets/Scripts/GameManager.cs
  artifactKey: Guid(1e9f867dabb2f374d8593bc550244a91) Importer(815301076,1909f56bfc062723c751e8b465ee728b)
Start importing Assets/Scripts/GameManager.cs using Guid(1e9f867dabb2f374d8593bc550244a91) Importer(815301076,1909f56bfc062723c751e8b465ee728b)  -> (artifact id: '909fea5eb4fee7b022dc422d089ff977') in 0.018873 seconds 
========================================================================
Received Prepare
Registering precompiled user dll's ...
Registered in 0.004658 seconds.
Begin MonoManager ReloadAssembly
Native extension for WindowsStandalone target not found
Native extension for WebGL target not found
Refreshing native plugins compatible for Editor in 0.56 ms, found 1 plugins.
Preloading 0 native plugins for Editor in 0.00 ms.
Mono: successfully reloaded assembly
- Completed reload, in  1.276 seconds
Platform modules already initialized, skipping
Refreshing native plugins compatible for Editor in 0.68 ms, found 1 plugins.
Preloading 0 native plugins for Editor in 0.00 ms.
Unloading 2684 Unused Serialized files (Serialized files now loaded: 0)
System memory in use before: 100.3 MB.
System memory in use after: 99.9 MB.

Unloading 22 unused Assets to reduce memory usage. Loaded Objects now: 3219.
Total: 4.161100 ms (FindLiveObjects: 0.368700 ms CreateObjectMapping: 0.498000 ms MarkObjects: 3.001500 ms  DeleteObjects: 0.291500 ms)

========================================================================
Received Prepare
Registering precompiled user dll's ...
Registered in 0.004590 seconds.
Begin MonoManager ReloadAssembly
Native extension for WindowsStandalone target not found
Native extension for WebGL target not found
Refreshing native plugins compatible for Editor in 0.59 ms, found 1 plugins.
Preloading 0 native plugins for Editor in 0.00 ms.
Mono: successfully reloaded assembly
- Completed reload, in  1.211 seconds
Platform modules already initialized, skipping
Refreshing native plugins compatible for Editor in 0.53 ms, found 1 plugins.
Preloading 0 native plugins for Editor in 0.00 ms.
Unloading 2684 Unused Serialized files (Serialized files now loaded: 0)
System memory in use before: 100.3 MB.
System memory in use after: 99.9 MB.

Unloading 22 unused Assets to reduce memory usage. Loaded Objects now: 3222.
Total: 2.827600 ms (FindLiveObjects: 0.265900 ms CreateObjectMapping: 0.113800 ms MarkObjects: 2.156200 ms  DeleteObjects: 0.289700 ms)

========================================================================
Received Prepare
Registering precompiled user dll's ...
Registered in 0.004732 seconds.
Begin MonoManager ReloadAssembly
Native extension for WindowsStandalone target not found
Native extension for WebGL target not found
Refreshing native plugins compatible for Editor in 0.58 ms, found 1 plugins.
Preloading 0 native plugins for Editor in 0.00 ms.
Mono: successfully reloaded assembly
- Completed reload, in  1.161 seconds
Platform modules already initialized, skipping
Refreshing native plugins compatible for Editor in 0.59 ms, found 1 plugins.
Preloading 0 native plugins for Editor in 0.00 ms.
Unloading 2684 Unused Serialized files (Serialized files now loaded: 0)
System memory in use before: 100.3 MB.
System memory in use after: 99.9 MB.

Unloading 22 unused Assets to reduce memory usage. Loaded Objects now: 3225.
Total: 2.865800 ms (FindLiveObjects: 0.290500 ms CreateObjectMapping: 0.114500 ms MarkObjects: 2.174800 ms  DeleteObjects: 0.284700 ms)

========================================================================
Received Import Request.
  Time since last request: 696.448443 seconds.
  path: ProjectSettings/TagManager.asset
  artifactKey: Guid(00000000000000003000000000000000) Importer(815301076,1909f56bfc062723c751e8b465ee728b)
Start importing ProjectSettings/TagManager.asset using Guid(00000000000000003000000000000000) Importer(815301076,1909f56bfc062723c751e8b465ee728b)  -> (artifact id: '9a03059f112ff5689b32731f8331af4f') in 0.034576 seconds 
========================================================================
Received Prepare
Registering precompiled user dll's ...
Registered in 0.004658 seconds.
Begin MonoManager ReloadAssembly
Native extension for WindowsStandalone target not found
Native extension for WebGL target not found
Refreshing native plugins compatible for Editor in 0.54 ms, found 1 plugins.
Preloading 0 native plugins for Editor in 0.00 ms.
Mono: successfully reloaded assembly
- Completed reload, in  1.121 seconds
Platform modules already initialized, skipping
Refreshing native plugins compatible for Editor in 0.53 ms, found 1 plugins.
Preloading 0 native plugins for Editor in 0.00 ms.
Unloading 2684 Unused Serialized files (Serialized files now loaded: 0)
System memory in use before: 100.3 MB.
System memory in use after: 99.9 MB.

Unloading 23 unused Assets to reduce memory usage. Loaded Objects now: 3228.
Total: 2.475400 ms (FindLiveObjects: 0.235900 ms CreateObjectMapping: 0.119800 ms MarkObjects: 1.839000 ms  DeleteObjects: 0.279500 ms)

========================================================================
Received Import Request.
  Time since last request: 322.533664 seconds.
  path: Assets/Prefab/floor.prefab
  artifactKey: Guid(ea7c7c6f15ebecc4ba3ad3ebc7b78ed2) Importer(815301076,1909f56bfc062723c751e8b465ee728b)
Start importing Assets/Prefab/floor.prefab using Guid(ea7c7c6f15ebecc4ba3ad3ebc7b78ed2) Importer(815301076,1909f56bfc062723c751e8b465ee728b)  -> (artifact id: '723f3b359417bae85078237e7479621e') in 0.147531 seconds 
========================================================================
Received Prepare
Registering precompiled user dll's ...
Registered in 0.004725 seconds.
Begin MonoManager ReloadAssembly
Native extension for WindowsStandalone target not found
Native extension for WebGL target not found
Refreshing native plugins compatible for Editor in 0.59 ms, found 1 plugins.
Preloading 0 native plugins for Editor in 0.00 ms.
Mono: successfully reloaded assembly
- Completed reload, in  1.149 seconds
Platform modules already initialized, skipping
Refreshing native plugins compatible for Editor in 0.56 ms, found 1 plugins.
Preloading 0 native plugins for Editor in 0.00 ms.
Unloading 2684 Unused Serialized files (Serialized files now loaded: 0)
System memory in use before: 104.0 MB.
System memory in use after: 103.6 MB.

Unloading 22 unused Assets to reduce memory usage. Loaded Objects now: 3239.
Total: 2.432000 ms (FindLiveObjects: 0.261600 ms CreateObjectMapping: 0.119900 ms MarkObjects: 1.788900 ms  DeleteObjects: 0.260000 ms)

========================================================================
Received Prepare
Registering precompiled user dll's ...
Registered in 0.004718 seconds.
Begin MonoManager ReloadAssembly
Native extension for WindowsStandalone target not found
Native extension for WebGL target not found
Refreshing native plugins compatible for Editor in 0.56 ms, found 1 plugins.
Preloading 0 native plugins for Editor in 0.00 ms.
Mono: successfully reloaded assembly
- Completed reload, in  1.122 seconds
Platform modules already initialized, skipping
Refreshing native plugins compatible for Editor in 0.55 ms, found 1 plugins.
Preloading 0 native plugins for Editor in 0.00 ms.
Unloading 2684 Unused Serialized files (Serialized files now loaded: 0)
System memory in use before: 104.0 MB.
System memory in use after: 103.6 MB.

Unloading 22 unused Assets to reduce memory usage. Loaded Objects now: 3242.
Total: 2.842000 ms (FindLiveObjects: 0.297100 ms CreateObjectMapping: 0.241300 ms MarkObjects: 1.991800 ms  DeleteObjects: 0.310800 ms)

========================================================================
Received Prepare
Registering precompiled user dll's ...
Registered in 0.005428 seconds.
Begin MonoManager ReloadAssembly
Native extension for WindowsStandalone target not found
Native extension for WebGL target not found
Refreshing native plugins compatible for Editor in 0.54 ms, found 1 plugins.
Preloading 0 native plugins for Editor in 0.00 ms.
Mono: successfully reloaded assembly
- Completed reload, in  1.148 seconds
Platform modules already initialized, skipping
Refreshing native plugins compatible for Editor in 0.52 ms, found 1 plugins.
Preloading 0 native plugins for Editor in 0.00 ms.
Unloading 2684 Unused Serialized files (Serialized files now loaded: 0)
System memory in use before: 104.0 MB.
System memory in use after: 103.6 MB.

Unloading 22 unused Assets to reduce memory usage. Loaded Objects now: 3245.
Total: 2.480300 ms (FindLiveObjects: 0.251200 ms CreateObjectMapping: 0.111800 ms MarkObjects: 1.817100 ms  DeleteObjects: 0.298900 ms)

========================================================================
Received Prepare
Registering precompiled user dll's ...
Registered in 0.004583 seconds.
Begin MonoManager ReloadAssembly
Native extension for WindowsStandalone target not found
Native extension for WebGL target not found
Refreshing native plugins compatible for Editor in 0.86 ms, found 1 plugins.
Preloading 0 native plugins for Editor in 0.00 ms.
Mono: successfully reloaded assembly
- Completed reload, in  1.192 seconds
Platform modules already initialized, skipping
Refreshing native plugins compatible for Editor in 0.55 ms, found 1 plugins.
Preloading 0 native plugins for Editor in 0.00 ms.
Unloading 2684 Unused Serialized files (Serialized files now loaded: 0)
System memory in use before: 104.0 MB.
System memory in use after: 103.6 MB.

Unloading 22 unused Assets to reduce memory usage. Loaded Objects now: 3248.
Total: 2.796600 ms (FindLiveObjects: 0.311000 ms CreateObjectMapping: 0.204300 ms MarkObjects: 1.994700 ms  DeleteObjects: 0.285700 ms)

========================================================================
Received Prepare
Refreshing native plugins compatible for Editor in 2.96 ms, found 1 plugins.
Preloading 0 native plugins for Editor in 0.00 ms.
Unloading 20 Unused Serialized files (Serialized files now loaded: 0)
System memory in use before: 51.2 MB.
System memory in use after: 50.8 MB.

Unloading 20 unused Assets to reduce memory usage. Loaded Objects now: 3248.
Total: 3.086700 ms (FindLiveObjects: 0.251300 ms CreateObjectMapping: 0.147400 ms MarkObjects: 2.164000 ms  DeleteObjects: 0.522400 ms)

========================================================================
Received Prepare
Refreshing native plugins compatible for Editor in 3.18 ms, found 1 plugins.
Preloading 0 native plugins for Editor in 0.00 ms.
Unloading 20 Unused Serialized files (Serialized files now loaded: 0)
System memory in use before: 51.2 MB.
System memory in use after: 50.8 MB.

Unloading 20 unused Assets to reduce memory usage. Loaded Objects now: 3248.
Total: 2.514900 ms (FindLiveObjects: 0.234900 ms CreateObjectMapping: 0.117500 ms MarkObjects: 1.884100 ms  DeleteObjects: 0.276900 ms)

========================================================================
Received Import Request.
  Time since last request: 456.860237 seconds.
  path: Assets/Models/cone transparent short.blend
  artifactKey: Guid(02b9a5a9e96e9c047af0ae3afba0c355) Importer(815301076,1909f56bfc062723c751e8b465ee728b)
Start importing Assets/Models/cone transparent short.blend using Guid(02b9a5a9e96e9c047af0ae3afba0c355) Importer(815301076,1909f56bfc062723c751e8b465ee728b)  -> (artifact id: '4b19349f746d0f6f76b1b2e73d5cb821') in 0.120471 seconds 
========================================================================
Received Import Request.
  Time since last request: 11.856512 seconds.
  path: Assets/Prefab/Cone.prefab
  artifactKey: Guid(0767ee0c854a5b14680067cb7b964590) Importer(815301076,1909f56bfc062723c751e8b465ee728b)
Start importing Assets/Prefab/Cone.prefab using Guid(0767ee0c854a5b14680067cb7b964590) Importer(815301076,1909f56bfc062723c751e8b465ee728b)  -> (artifact id: '15beee45257e5d3dc92ce5d3b4d2e274') in 0.030212 seconds 
========================================================================
Received Import Request.
  Time since last request: 10.262209 seconds.
  path: Assets/Scenes/main.unity
  artifactKey: Guid(9fc0d4010bbf28b4594072e72b8655ab) Importer(815301076,1909f56bfc062723c751e8b465ee728b)
Start importing Assets/Scenes/main.unity using Guid(9fc0d4010bbf28b4594072e72b8655ab) Importer(815301076,1909f56bfc062723c751e8b465ee728b)  -> (artifact id: 'bd0230b6aeee983a732b63eb6fec324d') in 0.010748 seconds 
========================================================================
Received Import Request.
  Time since last request: 1.197491 seconds.
  path: Assets/Scenes/MainMenu.unity
  artifactKey: Guid(28406640e4f8dd844b1297a25d01cd13) Importer(815301076,1909f56bfc062723c751e8b465ee728b)
Start importing Assets/Scenes/MainMenu.unity using Guid(28406640e4f8dd844b1297a25d01cd13) Importer(815301076,1909f56bfc062723c751e8b465ee728b)  -> (artifact id: '077afaa4dd300eb195b37fcc2530d645') in 0.012025 seconds 
========================================================================
Received Import Request.
  Time since last request: 31.964306 seconds.
  path: Assets/Scripts/MainMenuScript.cs
  artifactKey: Guid(8b0ed75f866c04b45943bca622775969) Importer(815301076,1909f56bfc062723c751e8b465ee728b)
Start importing Assets/Scripts/MainMenuScript.cs using Guid(8b0ed75f866c04b45943bca622775969) Importer(815301076,1909f56bfc062723c751e8b465ee728b)  -> (artifact id: '28e5bd16d0c2df17910790cccd1d08c5') in 0.012051 seconds 
========================================================================
Received Prepare
Registering precompiled user dll's ...
Registered in 0.005813 seconds.
Begin MonoManager ReloadAssembly
Native extension for WindowsStandalone target not found
Native extension for WebGL target not found
Refreshing native plugins compatible for Editor in 0.57 ms, found 1 plugins.
Preloading 0 native plugins for Editor in 0.00 ms.
Mono: successfully reloaded assembly
- Completed reload, in  1.176 seconds
Platform modules already initialized, skipping
Refreshing native plugins compatible for Editor in 0.54 ms, found 1 plugins.
Preloading 0 native plugins for Editor in 0.00 ms.
Unloading 2684 Unused Serialized files (Serialized files now loaded: 0)
System memory in use before: 104.3 MB.
System memory in use after: 103.9 MB.

Unloading 23 unused Assets to reduce memory usage. Loaded Objects now: 3255.
Total: 2.777200 ms (FindLiveObjects: 0.245200 ms CreateObjectMapping: 0.124100 ms MarkObjects: 2.052900 ms  DeleteObjects: 0.353300 ms)

========================================================================
Received Import Request.
  Time since last request: 93.046325 seconds.
  path: Assets/Scripts/MainMenuScript.cs
  artifactKey: Guid(8b0ed75f866c04b45943bca622775969) Importer(815301076,1909f56bfc062723c751e8b465ee728b)
Start importing Assets/Scripts/MainMenuScript.cs using Guid(8b0ed75f866c04b45943bca622775969) Importer(815301076,1909f56bfc062723c751e8b465ee728b)  -> (artifact id: '7fe2df7107df7019466235a0fb1804dc') in 0.008264 seconds 
========================================================================
Received Import Request.
  Time since last request: 10.773921 seconds.
  path: Assets/Scenes/dipomaster.unity
  artifactKey: Guid(f58fab1a9798cf945a3ce65a70ef7c1e) Importer(815301076,1909f56bfc062723c751e8b465ee728b)
Start importing Assets/Scenes/dipomaster.unity using Guid(f58fab1a9798cf945a3ce65a70ef7c1e) Importer(815301076,1909f56bfc062723c751e8b465ee728b)  -> (artifact id: '974aa4e02e656b04adfe692a686831e8') in 0.019735 seconds 
========================================================================
Received Import Request.
  Time since last request: 97.546611 seconds.
  path: Assets/Scenes/GameScene.unity
  artifactKey: Guid(73bb231eeb12736429883469a2874b3e) Importer(815301076,1909f56bfc062723c751e8b465ee728b)
Start importing Assets/Scenes/GameScene.unity using Guid(73bb231eeb12736429883469a2874b3e) Importer(815301076,1909f56bfc062723c751e8b465ee728b)  -> (artifact id: '937ce07e01eac6d7d76b1f38f8a25b75') in 0.007883 seconds 
========================================================================
Received Prepare
Registering precompiled user dll's ...
Registered in 0.005168 seconds.
Begin MonoManager ReloadAssembly
Native extension for WindowsStandalone target not found
Native extension for WebGL target not found
Refreshing native plugins compatible for Editor in 0.69 ms, found 1 plugins.
Preloading 0 native plugins for Editor in 0.00 ms.
Mono: successfully reloaded assembly
- Completed reload, in  1.218 seconds
Platform modules already initialized, skipping
Refreshing native plugins compatible for Editor in 0.64 ms, found 1 plugins.
Preloading 0 native plugins for Editor in 0.00 ms.
Unloading 2684 Unused Serialized files (Serialized files now loaded: 0)
System memory in use before: 104.3 MB.
System memory in use after: 103.9 MB.

Unloading 22 unused Assets to reduce memory usage. Loaded Objects now: 3258.
Total: 4.545100 ms (FindLiveObjects: 0.534700 ms CreateObjectMapping: 0.324300 ms MarkObjects: 3.299300 ms  DeleteObjects: 0.384700 ms)

========================================================================
Received Import Request.
  Time since last request: 52.267193 seconds.
  path: Assets/Scenes/main.unity
  artifactKey: Guid(9fc0d4010bbf28b4594072e72b8655ab) Importer(815301076,1909f56bfc062723c751e8b465ee728b)
Start importing Assets/Scenes/main.unity using Guid(9fc0d4010bbf28b4594072e72b8655ab) Importer(815301076,1909f56bfc062723c751e8b465ee728b)  -> (artifact id: '2322c003995aa7d391a5cee83b0bf8e3') in 0.018193 seconds 
========================================================================
Received Prepare
Registering precompiled user dll's ...
Registered in 0.005298 seconds.
Begin MonoManager ReloadAssembly
Native extension for WindowsStandalone target not found
Native extension for WebGL target not found
Refreshing native plugins compatible for Editor in 0.69 ms, found 1 plugins.
Preloading 0 native plugins for Editor in 0.00 ms.
Mono: successfully reloaded assembly
- Completed reload, in  1.241 seconds
Platform modules already initialized, skipping
Refreshing native plugins compatible for Editor in 0.55 ms, found 1 plugins.
Preloading 0 native plugins for Editor in 0.00 ms.
Unloading 2684 Unused Serialized files (Serialized files now loaded: 0)
System memory in use before: 104.3 MB.
System memory in use after: 103.9 MB.

Unloading 22 unused Assets to reduce memory usage. Loaded Objects now: 3261.
Total: 3.266000 ms (FindLiveObjects: 0.302300 ms CreateObjectMapping: 0.239600 ms MarkObjects: 2.139300 ms  DeleteObjects: 0.583400 ms)

========================================================================
Received Import Request.
  Time since last request: 46.142462 seconds.
  path: Assets/Scripts/MainMenuScript.cs
  artifactKey: Guid(8b0ed75f866c04b45943bca622775969) Importer(815301076,1909f56bfc062723c751e8b465ee728b)
Start importing Assets/Scripts/MainMenuScript.cs using Guid(8b0ed75f866c04b45943bca622775969) Importer(815301076,1909f56bfc062723c751e8b465ee728b)  -> (artifact id: '2871d2dccd5240ce0365e369352e3a71') in 0.006731 seconds 
========================================================================
Received Prepare
Registering precompiled user dll's ...
Registered in 0.004695 seconds.
Begin MonoManager ReloadAssembly
Native extension for WindowsStandalone target not found
Native extension for WebGL target not found
Refreshing native plugins compatible for Editor in 0.61 ms, found 1 plugins.
Preloading 0 native plugins for Editor in 0.00 ms.
Mono: successfully reloaded assembly
- Completed reload, in  1.243 seconds
Platform modules already initialized, skipping
Refreshing native plugins compatible for Editor in 0.60 ms, found 1 plugins.
Preloading 0 native plugins for Editor in 0.00 ms.
Unloading 2684 Unused Serialized files (Serialized files now loaded: 0)
System memory in use before: 104.3 MB.
System memory in use after: 103.9 MB.

Unloading 22 unused Assets to reduce memory usage. Loaded Objects now: 3264.
Total: 2.818900 ms (FindLiveObjects: 0.297500 ms CreateObjectMapping: 0.140300 ms MarkObjects: 2.061200 ms  DeleteObjects: 0.318600 ms)

========================================================================
Received Import Request.
  Time since last request: 29.093517 seconds.
  path: Assets/Scenes/GameScene.unity
  artifactKey: Guid(73bb231eeb12736429883469a2874b3e) Importer(815301076,1909f56bfc062723c751e8b465ee728b)
Start importing Assets/Scenes/GameScene.unity using Guid(73bb231eeb12736429883469a2874b3e) Importer(815301076,1909f56bfc062723c751e8b465ee728b)  -> (artifact id: '8c5256eb73d58bf127b0147b79ea987f') in 0.014640 seconds 
========================================================================
Received Import Request.
  Time since last request: 15.746915 seconds.
  path: Assets/Scenes/New Lighting Settings.lighting
  artifactKey: Guid(c592d56c4a81f664db6638e366091eb4) Importer(815301076,1909f56bfc062723c751e8b465ee728b)
Start importing Assets/Scenes/New Lighting Settings.lighting using Guid(c592d56c4a81f664db6638e366091eb4) Importer(815301076,1909f56bfc062723c751e8b465ee728b)  -> (artifact id: '0289c73c2527b2864e201db6319436e9') in 0.014309 seconds 
========================================================================
Received Prepare
Registering precompiled user dll's ...
Registered in 0.004671 seconds.
Begin MonoManager ReloadAssembly
Native extension for WindowsStandalone target not found
Native extension for WebGL target not found
Refreshing native plugins compatible for Editor in 0.63 ms, found 1 plugins.
Preloading 0 native plugins for Editor in 0.00 ms.
Mono: successfully reloaded assembly
- Completed reload, in  1.261 seconds
Platform modules already initialized, skipping
Refreshing native plugins compatible for Editor in 0.62 ms, found 1 plugins.
Preloading 0 native plugins for Editor in 0.00 ms.
Unloading 2684 Unused Serialized files (Serialized files now loaded: 0)
System memory in use before: 104.3 MB.
System memory in use after: 104.0 MB.

Unloading 22 unused Assets to reduce memory usage. Loaded Objects now: 3267.
Total: 4.805000 ms (FindLiveObjects: 0.495200 ms CreateObjectMapping: 0.200500 ms MarkObjects: 3.760700 ms  DeleteObjects: 0.346000 ms)

AssetImportWorkerClient::OnTransportError - code=2 error=End of file
